TN:test
SF:/Users/romandae/Desktop/progects/C2_s21_stringplus-2/src/main_test.c
FN:6,main
FNDA:1,main
FNF:1
FNH:1
DA:6,1
DA:7,1
DA:8,1
DA:10,1
DA:12,1
DA:13,1
DA:14,1
DA:15,1
DA:16,1
DA:18,1
DA:20,1
DA:21,1
DA:22,1
DA:23,1
DA:24,1
DA:26,1
DA:28,1
DA:29,1
DA:30,1
DA:31,1
DA:32,1
DA:34,1
DA:36,1
DA:37,1
DA:38,1
DA:39,1
DA:40,1
DA:42,1
DA:44,1
DA:45,1
DA:46,1
DA:47,1
DA:48,1
DA:50,1
DA:52,1
DA:53,1
DA:54,1
DA:55,1
DA:56,1
DA:58,1
DA:60,1
DA:61,1
DA:62,1
DA:63,1
DA:64,1
DA:66,1
LF:46
LH:46
end_of_record
TN:test
SF:/Users/romandae/Desktop/progects/C2_s21_stringplus-2/src/s21_sprintf.c
FN:3,chek_for_space
FNDA:142,chek_for_space
FN:9,s21_sprintf
FNDA:28,s21_sprintf
FN:244,get_hex_from_dec
FNDA:4,get_hex_from_dec
FN:333,eigh_to_dec
FNDA:3,eigh_to_dec
FN:395,get_lengh_and_dots
FNDA:88,get_lengh_and_dots
FN:468,double_to_sci
FNDA:28,double_to_sci
FN:544,do_funk_d
FNDA:151,do_funk_d
FN:593,digits_in_int
FNDA:151,digits_in_int
FN:607,get_str_from_long_int
FNDA:151,get_str_from_long_int
FN:628,do_funk_f
FNDA:108,do_funk_f
FN:718,do_funk_g
FNDA:30,do_funk_g
FN:780,get_e_from_double
FNDA:58,get_e_from_double
FN:804,delete_all_last_zero_in_montisa
FNDA:30,delete_all_last_zero_in_montisa
FNF:13
FNH:13
DA:3,142
DA:4,142
DA:5,5
DA:6,5
DA:8,142
DA:9,28
DA:11,28
DA:12,28
DA:13,28
DA:14,28
DA:18,405
DA:19,377
DA:20,165
DA:21,165
DA:22,165
DA:23,165
DA:24,165
DA:25,165
DA:26,165
DA:27,165
DA:28,165
DA:29,165
DA:30,165
DA:31,165
DA:32,224
DA:33,180
DA:34,59
DA:35,19
DA:37,59
DA:38,13
DA:40,59
DA:41,12
DA:43,59
DA:44,7
DA:46,59
DA:47,8
DA:49,59
DA:51,165
DA:52,84
DA:53,88
DA:55,165
DA:56,15
DA:57,15
DA:59,165
DA:60,10
DA:61,10
DA:63,165
DA:64,5
DA:65,5
DA:67,196
DA:68,31
DA:69,31
DA:70,1
DA:71,1
DA:72,30
DA:73,4
DA:74,4
DA:75,26
DA:76,1
DA:77,1
DA:79,25
DA:80,25
DA:82,31
DA:83,8
DA:84,8
DA:85,8
DA:87,31
DA:88,3
DA:90,31
DA:91,31
DA:92,134
DA:93,3
DA:94,3
DA:95,6
DA:96,4
DA:99,3
DA:100,3
DA:101,1
DA:102,0
DA:106,159
DA:108,28
DA:110,28
DA:111,12
DA:113,28
DA:114,5
DA:116,23
DA:117,23
DA:119,28
DA:120,9
DA:121,9
DA:123,28
DA:124,28
DA:125,103
DA:128,3
DA:129,1
DA:130,1
DA:131,2
DA:132,2
DA:133,2
DA:135,0
DA:136,0
DA:139,3
DA:140,3
DA:141,100
DA:143,50
DA:144,4
DA:146,46
DA:147,46
DA:149,50
DA:150,14
DA:151,14
DA:153,50
DA:154,50
DA:156,80
DA:158,30
DA:159,5
DA:161,25
DA:162,25
DA:164,30
DA:165,3
DA:166,3
DA:168,30
DA:169,30
DA:170,14
DA:172,30
DA:173,30
DA:175,20
DA:176,0
DA:177,0
DA:178,23
DA:179,3
DA:181,3
DA:182,2
DA:184,3
DA:185,2
DA:186,2
DA:187,1
DA:188,1
DA:189,1
DA:191,0
DA:192,0
DA:194,3
DA:196,17
DA:197,1
DA:198,1
DA:199,1
DA:200,1
DA:202,16
DA:203,7
DA:204,7
DA:205,2
DA:206,2
DA:207,5
DA:208,0
DA:209,0
DA:211,5
DA:212,5
DA:214,7
DA:215,9
DA:216,3
DA:217,3
DA:218,2
DA:219,2
DA:221,1
DA:223,3
DA:224,0
DA:226,20
DA:227,17
DA:228,17
DA:230,6
DA:231,6
DA:234,212
DA:236,377
DA:238,28
DA:239,28
DA:241,28
DA:244,4
DA:246,4
DA:247,4
DA:248,4
DA:249,4
DA:251,30
DA:252,26
DA:253,0
DA:254,0
DA:255,0
DA:256,1
DA:257,1
DA:258,1
DA:259,2
DA:260,2
DA:261,2
DA:262,2
DA:263,2
DA:264,2
DA:265,3
DA:266,3
DA:267,3
DA:268,5
DA:269,5
DA:270,5
DA:271,13
DA:272,13
DA:273,13
DA:275,26
DA:276,26
DA:277,26
DA:279,4
DA:280,4
DA:282,17
DA:284,13
DA:285,13
DA:286,13
DA:287,13
DA:288,13
DA:290,4
DA:291,30
DA:292,26
DA:293,26
DA:295,4
DA:296,3
DA:297,3
DA:299,1
DA:301,4
DA:302,4
DA:303,12
DA:304,10
DA:305,0
DA:307,10
DA:311,12
DA:312,8
DA:314,4
DA:315,1
DA:316,1
DA:318,4
DA:319,30
DA:320,26
DA:321,26
DA:323,4
DA:324,7
DA:325,5
DA:326,0
DA:328,5
DA:332,4
DA:333,3
DA:336,3
DA:337,3
DA:338,3
DA:339,21
DA:340,18
DA:341,18
DA:342,18
DA:343,18
DA:345,3
DA:346,3
DA:347,3
DA:348,11
DA:350,8
DA:351,8
DA:352,8
DA:353,8
DA:354,8
DA:356,3
DA:357,21
DA:358,18
DA:359,18
DA:360,18
DA:361,18
DA:363,3
DA:364,2
DA:365,2
DA:367,1
DA:369,3
DA:370,3
DA:371,2
DA:372,0
DA:373,0
DA:375,0
DA:376,0
DA:379,18
DA:380,16
DA:383,3
DA:384,3
DA:385,1
DA:386,0
DA:387,0
DA:389,0
DA:393,3
DA:395,88
DA:397,88
DA:398,88
DA:399,88
DA:400,88
DA:401,159
DA:402,71
DA:404,88
DA:405,39
DA:407,88
DA:408,74
DA:410,88
DA:411,74
DA:413,88
DA:414,7
DA:415,7
DA:416,7
DA:418,88
DA:419,0
DA:421,152
DA:422,64
DA:423,64
DA:424,64
DA:425,64
DA:427,88
DA:428,0
DA:429,0
DA:430,0
DA:432,88
DA:433,0
DA:435,88
DA:437,0
DA:438,0
DA:439,0
DA:441,88
DA:442,177
DA:443,98
DA:444,89
DA:445,10
DA:446,10
DA:447,10
DA:448,10
DA:449,0
DA:451,10
DA:453,89
DA:455,88
DA:456,64
DA:457,143
DA:458,79
DA:459,79
DA:460,79
DA:463,88
DA:464,55
DA:466,88
DA:468,28
DA:470,28
DA:471,28
DA:472,28
DA:473,28
DA:474,28
DA:475,28
DA:476,28
DA:478,28
DA:479,8
DA:481,28
DA:482,28
DA:483,28
DA:485,28
DA:486,6
DA:487,1
DA:488,1
DA:490,0
DA:492,1
DA:493,1
DA:494,1
DA:497,155
DA:498,127
DA:500,28
DA:501,25
DA:502,25
DA:503,28
DA:504,3
DA:505,3
DA:507,25
DA:509,28
DA:510,28
DA:511,4
DA:513,28
DA:514,28
DA:515,28
DA:516,28
DA:517,28
DA:519,28
DA:520,28
DA:521,41
DA:522,14
DA:523,0
DA:525,14
DA:526,14
DA:530,328
DA:531,300
DA:533,28
DA:534,1
DA:535,0
DA:536,0
DA:538,0
DA:542,28
DA:544,151
DA:546,151
DA:547,151
DA:548,151
DA:549,151
DA:550,151
DA:551,34
DA:553,151
DA:554,0
DA:556,151
DA:557,0
DA:559,151
DA:560,154
DA:561,19
DA:562,0
DA:564,19
DA:568,151
DA:569,8
DA:571,151
DA:572,3
DA:574,151
DA:576,164
DA:577,13
DA:579,450
DA:580,299
DA:582,151
DA:583,16
DA:584,0
DA:585,0
DA:587,0
DA:591,151
DA:593,151
DA:594,151
DA:596,151
DA:597,56
DA:599,338
DA:600,243
DA:601,243
DA:604,95
DA:607,151
DA:608,151
DA:609,151
DA:610,151
DA:612,394
DA:613,243
DA:614,243
DA:615,243
DA:617,207
DA:618,56
DA:620,450
DA:621,299
DA:623,151
DA:625,151
DA:628,108
DA:630,108
DA:631,108
DA:632,108
DA:633,108
DA:634,108
DA:635,108
DA:636,108
DA:637,108
DA:639,108
DA:640,25
DA:642,108
DA:644,108
DA:645,108
DA:646,98
DA:648,108
DA:650,663
DA:651,555
DA:652,555
DA:653,555
DA:654,555
DA:656,108
DA:657,108
DA:658,108
DA:659,108
DA:661,108
DA:662,42
DA:663,208
DA:664,166
DA:665,106
DA:667,60
DA:668,18
DA:670,42
DA:671,35
DA:673,7
DA:674,7
DA:676,42
DA:681,108
DA:682,108
DA:683,108
DA:684,2
DA:686,108
DA:687,0
DA:689,108
DA:690,119
DA:691,22
DA:692,5
DA:694,17
DA:698,108
DA:699,24
DA:701,108
DA:702,6
DA:704,951
DA:705,843
DA:707,108
DA:708,17
DA:709,6
DA:710,5
DA:712,1
DA:716,108
DA:718,30
DA:721,30
DA:723,30
DA:724,20
DA:726,30
DA:727,5
DA:729,30
DA:730,10
DA:733,30
DA:734,30
DA:735,30
DA:737,30
DA:738,2
DA:739,2
DA:740,2
DA:741,2
DA:742,2
DA:743,2
DA:744,2
DA:746,2
DA:747,2
DA:748,2
DA:750,28
DA:752,28
DA:753,28
DA:755,30
DA:756,30
DA:757,78
DA:758,51
DA:759,0
DA:761,51
DA:765,177
DA:766,147
DA:769,30
DA:770,7
DA:771,4
DA:772,0
DA:774,4
DA:778,30
DA:780,58
DA:781,58
DA:782,58
DA:783,148
DA:784,114
DA:785,114
DA:787,34
DA:788,34
DA:789,34
DA:792,75
DA:793,51
DA:794,51
DA:796,24
DA:797,0
DA:798,0
DA:801,58
DA:804,30
DA:805,30
DA:806,30
DA:807,68
DA:808,38
DA:809,38
DA:811,30
DA:812,11
DA:814,30
DA:816,30
LF:573
LH:526
end_of_record
TN:test
SF:/Users/romandae/Desktop/progects/C2_s21_stringplus-2/src/s21_sscanf.c
FN:4,lenght_width
FNDA:64,lenght_width
FN:19,s21_sscanf
FNDA:15,s21_sscanf
FN:239,p_adress
FNDA:2,p_adress
FN:277,num_of_scanned_symbols
FNDA:3,num_of_scanned_symbols
FN:289,Hex_letters
FNDA:28,Hex_letters
FN:313,float_buff_reader
FNDA:6,float_buff_reader
FN:324,float_reader
FNDA:12,float_reader
FN:509,scientific_notation
FNDA:1,scientific_notation
FN:567,float_type_choice
FNDA:9,float_type_choice
FN:585,int_buff_reader
FNDA:21,int_buff_reader
FN:653,integer_func
FNDA:10,integer_func
FN:715,integer_type_choice
FNDA:8,integer_type_choice
FN:763,mode1_func
FNDA:11,mode1_func
FN:791,mode2_func
FNDA:7,mode2_func
FN:837,long_symbol
FNDA:1,long_symbol
FN:865,long_string
FNDA:1,long_string
FN:905,Octal_func
FNDA:7,Octal_func
FN:969,octal_type_choice
FNDA:7,octal_type_choice
FN:1017,Hex_func
FNDA:10,Hex_func
FN:1109,Hex_type_choice
FNDA:10,Hex_type_choice
FNF:20
FNH:20
DA:4,64
DA:5,64
DA:6,64
DA:7,15
DA:8,33
DA:9,18
DA:11,33
DA:12,18
DA:13,18
DA:14,18
DA:17,64
DA:18,64
DA:19,15
DA:20,15
DA:22,15
DA:24,15
DA:25,15
DA:27,116
DA:28,108
DA:30,66
DA:31,71
DA:32,5
DA:33,3
DA:35,5
DA:37,66
DA:38,2
DA:41,64
DA:42,2
DA:43,2
DA:46,64
DA:48,64
DA:49,2
DA:50,2
DA:51,2
DA:53,0
DA:55,2
DA:56,0
DA:58,62
DA:59,11
DA:60,3
DA:62,8
DA:63,0
DA:64,0
DA:66,8
DA:68,8
DA:69,3
DA:71,5
DA:74,11
DA:75,11
DA:77,0
DA:79,11
DA:80,0
DA:82,51
DA:83,4
DA:84,4
DA:86,4
DA:88,0
DA:90,4
DA:91,1
DA:93,47
DA:94,7
DA:95,7
DA:97,0
DA:99,7
DA:100,0
DA:102,40
DA:103,2
DA:104,2
DA:105,2
DA:107,1
DA:109,2
DA:110,0
DA:112,38
DA:113,3
DA:114,3
DA:115,3
DA:117,1
DA:119,3
DA:120,0
DA:122,35
DA:123,2
DA:124,2
DA:126,0
DA:128,2
DA:129,0
DA:131,33
DA:132,4
DA:133,4
DA:134,4
DA:136,0
DA:138,4
DA:139,0
DA:141,29
DA:142,1
DA:143,1
DA:144,1
DA:146,0
DA:148,1
DA:149,0
DA:151,28
DA:152,1
DA:153,1
DA:154,1
DA:156,0
DA:158,1
DA:159,0
DA:161,27
DA:162,1
DA:163,1
DA:164,1
DA:166,0
DA:168,1
DA:169,0
DA:171,26
DA:172,3
DA:173,0
DA:175,3
DA:176,0
DA:177,0
DA:179,3
DA:181,3
DA:182,2
DA:184,1
DA:187,3
DA:188,3
DA:190,0
DA:192,3
DA:193,0
DA:195,23
DA:196,8
DA:197,8
DA:198,8
DA:200,8
DA:202,0
DA:204,8
DA:205,1
DA:207,15
DA:208,9
DA:209,9
DA:210,9
DA:212,9
DA:214,0
DA:216,9
DA:217,0
DA:219,6
DA:220,6
DA:221,6
DA:222,6
DA:224,6
DA:226,0
DA:228,6
DA:229,3
DA:234,15
DA:236,15
DA:239,2
DA:241,2
DA:242,3
DA:243,1
DA:245,2
DA:246,2
DA:247,2
DA:248,13
DA:249,7
DA:250,4
DA:251,4
DA:252,11
DA:253,11
DA:254,2
DA:256,11
DA:257,0
DA:259,11
DA:260,0
DA:261,0
DA:264,11
DA:265,11
DA:267,2
DA:268,2
DA:270,2
DA:271,2
DA:272,6
DA:273,4
DA:275,2
DA:277,3
DA:279,3
DA:280,3
DA:281,2
DA:282,2
DA:284,1
DA:285,1
DA:288,3
DA:289,28
DA:290,28
DA:291,28
DA:292,5
DA:294,28
DA:295,2
DA:297,28
DA:298,6
DA:300,28
DA:301,5
DA:303,28
DA:304,6
DA:306,28
DA:307,4
DA:310,28
DA:313,6
DA:316,6
DA:317,0
DA:318,6
DA:320,0
DA:322,6
DA:324,12
DA:326,12
DA:327,12
DA:328,12
DA:329,12
DA:330,12
DA:332,19
DA:333,7
DA:335,12
DA:336,12
DA:338,12
DA:339,3
DA:340,3
DA:341,3
DA:342,3
DA:344,12
DA:345,1
DA:346,1
DA:347,1
DA:348,1
DA:350,12
DA:351,3
DA:352,0
DA:355,12
DA:356,6
DA:357,12
DA:358,9
DA:359,9
DA:360,9
DA:361,9
DA:362,9
DA:363,9
DA:364,9
DA:365,9
DA:366,68
DA:367,59
DA:368,60
DA:369,0
DA:371,60
DA:372,6
DA:373,6
DA:374,6
DA:375,3
DA:376,3
DA:377,2
DA:380,3
DA:381,3
DA:382,1
DA:385,6
DA:386,1
DA:387,1
DA:388,0
DA:392,60
DA:393,0
DA:395,60
DA:398,60
DA:399,4
DA:400,1
DA:401,1
DA:403,3
DA:404,0
DA:405,0
DA:408,59
DA:410,9
DA:411,9
DA:412,1
DA:413,1
DA:415,1
DA:416,0
DA:420,9
DA:421,9
DA:422,9
DA:423,9
DA:425,9
DA:426,8
DA:427,1
DA:428,1
DA:429,1
DA:433,9
DA:435,9
DA:437,9
DA:438,3
DA:440,9
DA:441,6
DA:442,0
DA:444,6
DA:445,0
DA:447,6
DA:448,6
DA:449,25
DA:450,19
DA:452,25
DA:453,19
DA:454,19
DA:456,6
DA:457,6
DA:458,3
DA:460,6
DA:461,6
DA:462,3
DA:464,6
DA:465,19
DA:466,16
DA:467,16
DA:468,16
DA:472,3
DA:473,1
DA:475,3
DA:476,3
DA:477,3
DA:478,1
DA:479,1
DA:481,21
DA:482,18
DA:483,18
DA:484,18
DA:487,9
DA:488,3
DA:490,9
DA:491,3
DA:493,9
DA:494,26
DA:495,17
DA:497,9
DA:498,9
DA:499,1
DA:500,1
DA:502,9
DA:505,3
DA:507,12
DA:509,1
DA:512,1
DA:513,1
DA:514,1
DA:515,1
DA:516,1
DA:517,1
DA:518,1
DA:519,1
DA:521,1
DA:522,1
DA:523,1
DA:524,1
DA:525,1
DA:528,1
DA:529,0
DA:530,0
DA:531,0
DA:533,1
DA:534,0
DA:535,0
DA:538,1
DA:539,7
DA:540,6
DA:541,0
DA:542,0
DA:545,6
DA:546,6
DA:547,6
DA:548,6
DA:551,7
DA:552,6
DA:553,6
DA:556,1
DA:557,1
DA:558,0
DA:559,0
DA:561,1
DA:562,0
DA:564,1
DA:567,9
DA:569,9
DA:570,6
DA:571,6
DA:572,6
DA:573,6
DA:576,9
DA:577,3
DA:578,3
DA:579,3
DA:580,3
DA:583,9
DA:585,21
DA:588,21
DA:589,21
DA:590,2
DA:591,1
DA:593,2
DA:594,1
DA:596,2
DA:598,21
DA:599,2
DA:600,1
DA:602,2
DA:603,1
DA:605,2
DA:607,21
DA:608,2
DA:609,1
DA:611,2
DA:612,1
DA:614,2
DA:616,21
DA:617,3
DA:618,18
DA:619,13
DA:620,3
DA:622,10
DA:623,3
DA:624,3
DA:626,10
DA:627,8
DA:628,3
DA:629,3
DA:630,1
DA:632,3
DA:633,7
DA:634,5
DA:635,0
DA:636,5
DA:637,2
DA:639,5
DA:641,2
DA:642,0
DA:644,2
DA:646,8
DA:647,1
DA:648,7
DA:649,1
DA:651,21
DA:653,10
DA:656,10
DA:657,10
DA:658,510
DA:659,500
DA:662,14
DA:663,4
DA:665,10
DA:666,0
DA:667,0
DA:669,10
DA:670,2
DA:671,8
DA:672,8
DA:673,62
DA:674,56
DA:675,0
DA:677,56
DA:678,0
DA:680,56
DA:681,56
DA:683,56
DA:684,13
DA:685,13
DA:686,13
DA:687,2
DA:688,2
DA:691,43
DA:692,43
DA:695,8
DA:696,8
DA:697,8
DA:698,64
DA:699,56
DA:700,56
DA:702,8
DA:703,0
DA:705,8
DA:706,19
DA:707,11
DA:709,8
DA:711,2
DA:713,10
DA:715,8
DA:717,8
DA:718,2
DA:719,2
DA:720,2
DA:721,2
DA:724,8
DA:725,1
DA:726,1
DA:727,1
DA:728,1
DA:731,8
DA:732,2
DA:733,2
DA:734,2
DA:735,2
DA:738,8
DA:739,1
DA:740,1
DA:742,1
DA:743,1
DA:746,8
DA:747,1
DA:748,1
DA:750,1
DA:751,1
DA:754,8
DA:755,1
DA:756,1
DA:757,1
DA:758,1
DA:761,8
DA:763,11
DA:765,11
DA:766,5
DA:767,2
DA:770,11
DA:771,11
DA:772,11
DA:773,3
DA:774,3
DA:775,3
DA:777,8
DA:778,8
DA:779,8
DA:781,11
DA:783,11
DA:784,8
DA:786,3
DA:789,11
DA:791,7
DA:794,7007
DA:795,7000
DA:797,7
DA:798,7
DA:799,0
DA:801,7
DA:802,7
DA:804,108
DA:805,107
DA:806,100
DA:807,100
DA:808,100
DA:809,6
DA:810,6
DA:813,7
DA:814,7
DA:817,7
DA:820,8
DA:821,1
DA:823,7
DA:824,7
DA:826,7
DA:827,7
DA:828,114
DA:829,107
DA:831,7
DA:832,7
DA:835,7
DA:837,1
DA:839,1
DA:840,0
DA:841,0
DA:844,1
DA:845,1
DA:846,1
DA:847,0
DA:848,0
DA:849,0
DA:851,1
DA:852,1
DA:853,1
DA:855,1
DA:857,1
DA:858,1
DA:860,0
DA:863,1
DA:865,1
DA:868,751
DA:869,750
DA:872,1
DA:873,2
DA:874,1
DA:876,1
DA:877,1
DA:879,9
DA:880,9
DA:881,1
DA:883,8
DA:884,8
DA:886,1
DA:887,1
DA:888,1
DA:889,0
DA:891,1
DA:892,1
DA:894,1
DA:895,1
DA:896,9
DA:897,8
DA:899,1
DA:900,1
DA:903,1
DA:905,7
DA:907,7
DA:908,7
DA:909,7
DA:910,7
DA:911,7
DA:913,13
DA:914,6
DA:917,10
DA:918,3
DA:919,1
DA:921,3
DA:922,2
DA:924,3
DA:925,3
DA:928,14
DA:929,7
DA:930,33
DA:931,27
DA:932,9
DA:935,9
DA:936,1
DA:939,26
DA:940,8
DA:941,0
DA:944,26
DA:945,26
DA:946,26
DA:949,7
DA:951,33
DA:952,26
DA:953,26
DA:955,7
DA:956,2
DA:958,7
DA:959,11
DA:960,4
DA:962,7
DA:963,7
DA:965,0
DA:967,7
DA:969,7
DA:971,7
DA:972,1
DA:973,1
DA:974,1
DA:975,1
DA:978,7
DA:979,2
DA:980,1
DA:981,1
DA:982,1
DA:985,7
DA:986,1
DA:987,1
DA:989,1
DA:990,1
DA:993,7
DA:994,1
DA:995,1
DA:996,1
DA:997,1
DA:1000,7
DA:1001,1
DA:1002,1
DA:1003,1
DA:1004,1
DA:1007,7
DA:1008,1
DA:1009,1
DA:1011,1
DA:1012,1
DA:1015,7
DA:1017,10
DA:1019,10
DA:1020,10
DA:1021,10
DA:1022,10
DA:1023,10
DA:1025,10
DA:1026,1
DA:1028,10
DA:1029,0
DA:1031,10
DA:1032,10
DA:1033,1
DA:1034,1
DA:1035,1
DA:1037,10
DA:1038,2
DA:1039,2
DA:1040,2
DA:1043,10
DA:1044,10
DA:1045,10
DA:1046,9
DA:1047,0
DA:1048,0
DA:1049,10
DA:1050,10
DA:1051,97
DA:1052,93
DA:1053,68
DA:1054,16
DA:1055,87
DA:1056,88
DA:1057,5
DA:1058,0
DA:1060,5
DA:1061,1
DA:1064,87
DA:1065,7
DA:1067,87
DA:1068,0
DA:1070,87
DA:1071,87
DA:1072,78
DA:1073,0
DA:1074,0
DA:1076,87
DA:1078,10
DA:1079,10
DA:1080,10
DA:1081,10
DA:1083,97
DA:1084,87
DA:1085,52
DA:1087,35
DA:1088,28
DA:1091,87
DA:1093,10
DA:1094,2
DA:1096,10
DA:1097,10
DA:1098,35
DA:1099,25
DA:1101,10
DA:1103,0
DA:1106,0
DA:1108,10
DA:1109,10
DA:1111,10
DA:1112,2
DA:1113,2
DA:1114,2
DA:1115,2
DA:1118,10
DA:1119,3
DA:1120,2
DA:1121,2
DA:1122,2
DA:1125,10
DA:1126,1
DA:1127,1
DA:1129,1
DA:1130,1
DA:1133,10
DA:1134,1
DA:1135,1
DA:1136,1
DA:1137,1
DA:1140,10
DA:1141,2
DA:1142,2
DA:1143,2
DA:1144,2
DA:1147,10
DA:1148,1
DA:1149,1
DA:1151,1
DA:1152,1
DA:1155,10
LF:779
LH:699
end_of_record
TN:test
SF:/Users/romandae/Desktop/progects/C2_s21_stringplus-2/src/s21_string.c
FN:3,s21_memchr
FNDA:3,s21_memchr
FN:16,s21_memcmp
FNDA:4,s21_memcmp
FN:29,s21_memcpy
FNDA:3,s21_memcpy
FN:46,s21_memmove
FNDA:4,s21_memmove
FN:59,s21_memset
FNDA:3,s21_memset
FN:67,s21_strcat
FNDA:1,s21_strcat
FN:83,s21_strncat
FNDA:1,s21_strncat
FN:94,s21_strchr
FNDA:5,s21_strchr
FN:113,s21_strcmp
FNDA:2,s21_strcmp
FN:122,s21_strncmp
FNDA:1,s21_strncmp
FN:132,s21_strcpy
FNDA:9,s21_strcpy
FN:145,s21_strncpy
FNDA:3,s21_strncpy
FN:158,s21_strcspn
FNDA:3,s21_strcspn
FN:176,s21_strerror
FNDA:6,s21_strerror
FN:204,s21_strlen
FNDA:41,s21_strlen
FN:216,s21_strpbrk
FNDA:5,s21_strpbrk
FN:251,s21_strrchr
FNDA:4,s21_strrchr
FN:270,s21_strspn
FNDA:3,s21_strspn
FN:290,s21_strstr
FNDA:5,s21_strstr
FN:321,s21_strtok
FNDA:17,s21_strtok
FN:383,s21_to_upper
FNDA:1,s21_to_upper
FN:404,s21_to_lower
FNDA:1,s21_to_lower
FN:425,s21_insert
FNDA:4,s21_insert
FN:453,delete_first_char
FNDA:4,delete_first_char
FN:461,left_part
FNDA:2,left_part
FN:478,right_part
FNDA:2,right_part
FN:495,s21_trim
FNDA:2,s21_trim
FNF:27
FNH:27
DA:3,3
DA:4,3
DA:6,17
DA:7,17
DA:8,3
DA:9,3
DA:13,3
DA:16,4
DA:17,4
DA:19,11
DA:20,9
DA:21,2
DA:22,2
DA:26,4
DA:29,3
DA:30,3
DA:31,3
DA:32,3
DA:33,3
DA:34,3
DA:36,3
DA:37,16
DA:38,13
DA:43,3
DA:46,4
DA:47,4
DA:49,17
DA:50,13
DA:52,17
DA:53,13
DA:56,4
DA:59,3
DA:60,18
DA:61,15
DA:64,3
DA:67,1
DA:68,1
DA:69,1
DA:71,1
DA:72,0
DA:75,10
DA:76,9
DA:78,1
DA:80,1
DA:83,1
DA:84,1
DA:86,10
DA:87,7
DA:88,6
DA:91,1
DA:94,5
DA:95,5
DA:96,5
DA:97,5
DA:99,55
DA:100,52
DA:101,2
DA:102,2
DA:104,50
DA:106,5
DA:107,2
DA:110,5
DA:113,2
DA:114,2
DA:115,0
DA:116,0
DA:119,2
DA:122,1
DA:123,1
DA:124,0
DA:125,0
DA:129,1
DA:132,9
DA:133,9
DA:135,9
DA:136,126
DA:137,117
DA:139,9
DA:142,9
DA:145,3
DA:146,28
DA:147,25
DA:148,25
DA:149,87
DA:150,85
DA:155,3
DA:158,3
DA:159,3
DA:160,3
DA:161,3
DA:163,5
DA:164,11
DA:165,10
DA:166,1
DA:167,1
DA:168,1
DA:173,3
DA:176,6
DA:178,6
DA:180,6
DA:182,3
DA:184,3
DA:193,3
DA:194,1
DA:196,2
DA:201,6
DA:204,41
DA:205,41
DA:207,41
DA:208,354
DA:209,313
DA:213,41
DA:216,5
DA:217,5
DA:218,5
DA:220,5
DA:221,5
DA:222,5
DA:223,0
DA:224,0
DA:225,0
DA:226,0
DA:227,0
DA:248,5
DA:251,4
DA:252,4
DA:253,4
DA:255,4
DA:256,1
DA:258,3
DA:259,18
DA:260,15
DA:261,0
DA:262,0
DA:267,4
DA:270,3
DA:271,3
DA:273,3
DA:276,7
DA:277,6
DA:278,0
DA:279,0
DA:282,1
DA:283,1
DA:287,3
DA:290,5
DA:291,5
DA:293,5
DA:294,3
DA:295,3
DA:297,3
DA:298,0
DA:299,0
DA:300,0
DA:301,0
DA:304,0
DA:308,3
DA:309,0
DA:310,0
DA:312,3
DA:315,2
DA:318,5
DA:321,17
DA:322,17
DA:325,17
DA:326,1
DA:329,16
DA:330,2
DA:332,14
DA:333,12
DA:335,14
DA:336,14
DA:337,28
DA:338,49
DA:339,35
DA:340,2
DA:341,2
DA:342,2
DA:344,35
DA:345,35
DA:346,49
DA:347,35
DA:348,0
DA:351,14
DA:352,14
DA:357,128
DA:358,383
DA:359,257
DA:360,12
DA:363,126
DA:364,12
DA:367,14
DA:368,14
DA:369,2
DA:370,2
DA:373,12
DA:374,12
DA:376,0
DA:378,12
DA:383,1
DA:384,1
DA:386,1
DA:387,1
DA:389,1
DA:390,1
DA:391,18
DA:392,17
DA:393,17
DA:394,12
DA:397,1
DA:401,1
DA:404,1
DA:405,1
DA:407,1
DA:408,1
DA:410,1
DA:411,1
DA:412,18
DA:413,17
DA:414,17
DA:415,12
DA:418,1
DA:422,1
DA:425,4
DA:426,4
DA:427,4
DA:428,4
DA:429,4
DA:431,4
DA:432,0
DA:433,0
DA:435,4
DA:436,14
DA:437,10
DA:438,10
DA:440,19
DA:441,15
DA:442,15
DA:444,30
DA:445,26
DA:446,26
DA:450,4
DA:453,4
DA:454,4
DA:455,58
DA:456,54
DA:457,54
DA:459,4
DA:461,2
DA:462,2
DA:463,2
DA:465,6
DA:466,6
DA:467,9
DA:468,7
DA:469,4
DA:470,4
DA:471,4
DA:474,6
DA:476,2
DA:478,2
DA:479,2
DA:480,2
DA:482,5
DA:483,5
DA:484,7
DA:485,5
DA:486,3
DA:487,3
DA:488,3
DA:491,5
DA:493,2
DA:495,2
DA:496,2
DA:497,2
DA:498,2
DA:499,2
DA:500,2
DA:502,2
LF:279
LH:254
end_of_record
TN:test
SF:/Users/romandae/Desktop/progects/C2_s21_stringplus-2/src/string_test.c
FN:3,mem_test_fn
FNDA:1,mem_test_fn
FN:37,str_test_fn
FNDA:1,str_test_fn
FN:176,sprintf_test_fn
FNDA:1,sprintf_test_fn
FN:365,test_s21_sprintf_e_E_fn
FNDA:1,test_s21_sprintf_e_E_fn
FN:423,test_s21_sprintf_g_G_fn
FNDA:1,test_s21_sprintf_g_G_fn
FN:497,test_s21_sscanf_fn
FNDA:1,test_s21_sscanf_fn
FN:636,test_s21_sscanf_2_fn
FNDA:1,test_s21_sscanf_2_fn
FN:859,s21_string_test_1
FNDA:1,s21_string_test_1
FN:867,s21_string_test_2
FNDA:1,s21_string_test_2
FN:875,s21_string_test_3
FNDA:1,s21_string_test_3
FN:883,s21_string_test_4
FNDA:1,s21_string_test_4
FN:891,s21_string_test_5
FNDA:1,s21_string_test_5
FN:899,s21_string_test_6
FNDA:1,s21_string_test_6
FN:907,s21_string_test_7
FNDA:1,s21_string_test_7
FNF:14
FNH:14
DA:3,1
DA:4,1
DA:5,1
DA:6,1
DA:7,1
DA:8,1
DA:9,1
DA:12,1
DA:13,1
DA:14,1
DA:16,1
DA:17,1
DA:18,1
DA:19,1
DA:21,1
DA:22,1
DA:23,1
DA:25,1
DA:26,1
DA:27,1
DA:28,1
DA:31,1
DA:32,1
DA:33,1
DA:34,1
DA:37,1
DA:38,1
DA:39,1
DA:40,1
DA:41,1
DA:42,1
DA:43,1
DA:44,1
DA:45,1
DA:46,1
DA:47,1
DA:48,1
DA:49,1
DA:51,1
DA:53,1
DA:54,1
DA:56,1
DA:57,1
DA:58,1
DA:59,1
DA:60,1
DA:62,1
DA:63,1
DA:65,1
DA:66,1
DA:67,1
DA:68,1
DA:70,1
DA:71,1
DA:72,1
DA:74,1
DA:75,1
DA:76,1
DA:77,1
DA:78,1
DA:79,1
DA:81,1
DA:82,1
DA:83,1
DA:85,1
DA:86,1
DA:88,1
DA:89,1
DA:91,1
DA:92,1
DA:93,1
DA:95,1
DA:96,1
DA:97,1
DA:98,1
DA:100,1
DA:101,1
DA:102,1
DA:104,1
DA:105,1
DA:106,1
DA:107,1
DA:108,1
DA:110,1
DA:112,1
DA:114,1
DA:115,1
DA:117,1
DA:119,11
DA:120,10
DA:122,10
DA:123,10
DA:125,1
DA:127,1
DA:130,1
DA:131,1
DA:132,1
DA:134,1
DA:135,1
DA:136,1
DA:138,5
DA:139,4
DA:140,4
DA:141,4
DA:144,1
DA:145,1
DA:147,1
DA:148,1
DA:150,1
DA:151,1
DA:152,1
DA:153,1
DA:154,1
DA:155,1
DA:157,1
DA:158,1
DA:159,1
DA:160,1
DA:161,1
DA:162,1
DA:163,1
DA:164,1
DA:166,1
DA:167,1
DA:168,1
DA:169,1
DA:170,1
DA:171,1
DA:172,1
DA:176,1
DA:179,1
DA:180,1
DA:181,1
DA:182,1
DA:183,1
DA:184,1
DA:185,1
DA:186,1
DA:187,1
DA:189,1
DA:190,1
DA:191,1
DA:196,1
DA:202,1
DA:203,1
DA:205,1
DA:210,1
DA:215,1
DA:216,1
DA:218,1
DA:219,1
DA:221,1
DA:224,1
DA:227,1
DA:228,1
DA:230,1
DA:233,1
DA:236,1
DA:237,1
DA:239,1
DA:240,1
DA:242,1
DA:245,1
DA:248,1
DA:249,1
DA:251,1
DA:252,1
DA:254,1
DA:259,1
DA:264,1
DA:265,1
DA:267,1
DA:268,1
DA:270,1
DA:271,1
DA:273,1
DA:276,1
DA:279,1
DA:280,1
DA:283,1
DA:284,1
DA:286,1
DA:287,1
DA:289,1
DA:291,1
DA:292,1
DA:293,1
DA:295,1
DA:297,1
DA:299,1
DA:301,1
DA:303,1
DA:304,1
DA:307,1
DA:308,1
DA:309,1
DA:310,1
DA:311,1
DA:312,1
DA:313,1
DA:314,1
DA:315,1
DA:316,1
DA:317,1
DA:320,1
DA:321,1
DA:322,1
DA:323,1
DA:324,1
DA:326,1
DA:327,1
DA:328,1
DA:331,1
DA:332,1
DA:333,1
DA:334,1
DA:336,1
DA:337,1
DA:338,1
DA:341,1
DA:342,1
DA:343,1
DA:344,1
DA:346,1
DA:347,1
DA:348,1
DA:351,1
DA:352,1
DA:353,1
DA:354,1
DA:355,1
DA:356,1
DA:357,1
DA:358,1
DA:359,1
DA:360,1
DA:361,1
DA:365,1
DA:366,1
DA:367,1
DA:368,1
DA:369,1
DA:370,1
DA:371,1
DA:372,1
DA:373,1
DA:374,1
DA:375,1
DA:376,1
DA:378,1
DA:379,1
DA:380,1
DA:382,1
DA:384,1
DA:385,1
DA:386,1
DA:388,1
DA:389,1
DA:390,1
DA:391,1
DA:393,1
DA:394,1
DA:395,1
DA:397,1
DA:398,1
DA:399,1
DA:400,1
DA:402,1
DA:403,1
DA:404,1
DA:406,1
DA:407,1
DA:408,1
DA:409,1
DA:410,1
DA:411,1
DA:412,1
DA:414,1
DA:416,1
DA:417,1
DA:418,1
DA:419,1
DA:423,1
DA:424,1
DA:425,1
DA:426,1
DA:427,1
DA:428,1
DA:429,1
DA:430,1
DA:431,1
DA:432,1
DA:433,1
DA:434,1
DA:435,1
DA:437,1
DA:438,1
DA:439,1
DA:441,1
DA:443,1
DA:444,1
DA:445,1
DA:447,1
DA:448,1
DA:449,1
DA:450,1
DA:452,1
DA:453,1
DA:454,1
DA:456,1
DA:457,1
DA:458,1
DA:459,1
DA:461,1
DA:462,1
DA:463,1
DA:465,1
DA:466,1
DA:467,1
DA:468,1
DA:469,1
DA:470,1
DA:471,1
DA:472,1
DA:474,1
DA:475,1
DA:477,1
DA:478,1
DA:480,1
DA:481,1
DA:482,1
DA:483,1
DA:484,1
DA:485,1
DA:486,1
DA:487,1
DA:489,1
DA:491,1
DA:492,1
DA:493,1
DA:497,1
DA:498,1
DA:499,1
DA:500,1
DA:501,1
DA:502,1
DA:503,1
DA:504,1
DA:505,1
DA:507,1
DA:510,1
DA:512,1
DA:513,1
DA:514,1
DA:515,1
DA:517,1
DA:518,1
DA:520,1
DA:523,1
DA:525,1
DA:526,1
DA:528,1
DA:529,1
DA:530,1
DA:531,1
DA:532,1
DA:533,1
DA:534,1
DA:535,1
DA:536,1
DA:538,1
DA:540,1
DA:541,1
DA:542,1
DA:543,1
DA:544,1
DA:546,1
DA:547,1
DA:548,1
DA:549,1
DA:550,1
DA:551,1
DA:552,1
DA:553,1
DA:555,1
DA:557,1
DA:559,1
DA:560,1
DA:561,1
DA:562,1
DA:563,1
DA:565,1
DA:566,1
DA:567,1
DA:568,1
DA:569,1
DA:570,1
DA:571,1
DA:572,1
DA:573,1
DA:574,1
DA:575,1
DA:579,1
DA:583,1
DA:584,1
DA:585,1
DA:586,1
DA:587,1
DA:588,1
DA:590,1
DA:591,1
DA:592,1
DA:593,1
DA:594,1
DA:595,1
DA:597,1
DA:601,1
DA:605,1
DA:606,1
DA:607,1
DA:608,1
DA:610,1
DA:611,1
DA:612,1
DA:613,1
DA:614,1
DA:615,1
DA:616,1
DA:617,1
DA:619,1
DA:620,1
DA:622,1
DA:624,1
DA:626,1
DA:627,1
DA:628,1
DA:629,1
DA:630,1
DA:631,1
DA:632,1
DA:636,1
DA:637,1
DA:638,1
DA:639,1
DA:640,1
DA:641,1
DA:642,1
DA:643,1
DA:644,1
DA:645,1
DA:646,1
DA:648,1
DA:649,1
DA:650,1
DA:651,1
DA:652,1
DA:653,1
DA:654,1
DA:655,1
DA:656,1
DA:657,1
DA:659,1
DA:660,1
DA:661,1
DA:662,1
DA:664,1
DA:666,1
DA:667,1
DA:668,1
DA:669,1
DA:671,1
DA:672,1
DA:673,1
DA:674,1
DA:675,1
DA:677,1
DA:678,1
DA:679,1
DA:680,1
DA:681,1
DA:682,1
DA:683,1
DA:684,1
DA:685,1
DA:686,1
DA:690,1
DA:693,1
DA:694,1
DA:695,1
DA:696,1
DA:697,1
DA:698,1
DA:699,1
DA:700,1
DA:702,1
DA:703,1
DA:704,1
DA:705,1
DA:706,1
DA:707,1
DA:708,1
DA:709,1
DA:710,1
DA:712,1
DA:713,1
DA:714,1
DA:715,1
DA:716,1
DA:717,1
DA:718,1
DA:719,1
DA:720,1
DA:721,1
DA:726,1
DA:731,1
DA:732,1
DA:733,1
DA:734,1
DA:735,1
DA:736,1
DA:737,1
DA:738,1
DA:739,1
DA:740,1
DA:742,1
DA:743,1
DA:744,1
DA:745,1
DA:746,1
DA:747,1
DA:748,1
DA:750,1
DA:751,1
DA:752,1
DA:753,1
DA:754,1
DA:755,1
DA:756,1
DA:758,1
DA:763,1
DA:768,1
DA:769,1
DA:770,1
DA:771,1
DA:772,1
DA:773,1
DA:774,1
DA:775,1
DA:777,1
DA:778,1
DA:780,1
DA:781,1
DA:783,1
DA:784,1
DA:786,1
DA:787,1
DA:789,1
DA:790,1
DA:792,1
DA:793,1
DA:795,1
DA:796,1
DA:798,1
DA:799,1
DA:801,1
DA:802,1
DA:804,1
DA:805,1
DA:807,1
DA:810,1
DA:813,1
DA:814,1
DA:815,1
DA:816,1
DA:817,1
DA:818,1
DA:819,1
DA:820,1
DA:821,1
DA:822,1
DA:823,1
DA:825,1
DA:826,1
DA:828,1
DA:829,1
DA:831,1
DA:832,1
DA:834,1
DA:835,1
DA:837,1
DA:838,1
DA:840,1
DA:841,1
DA:843,1
DA:845,1
DA:847,1
DA:849,1
DA:850,1
DA:852,1
DA:853,1
DA:854,1
DA:855,1
DA:856,1
DA:859,1
DA:860,1
DA:862,1
DA:863,1
DA:864,1
DA:865,1
DA:867,1
DA:868,1
DA:870,1
DA:871,1
DA:872,1
DA:873,1
DA:875,1
DA:876,1
DA:878,1
DA:879,1
DA:880,1
DA:881,1
DA:883,1
DA:884,1
DA:886,1
DA:887,1
DA:888,1
DA:889,1
DA:891,1
DA:892,1
DA:894,1
DA:895,1
DA:896,1
DA:897,1
DA:899,1
DA:900,1
DA:902,1
DA:903,1
DA:904,1
DA:905,1
DA:907,1
DA:908,1
DA:910,1
DA:911,1
DA:912,1
DA:913,1
LF:645
LH:645
end_of_record
